2023-05-25 20:59:24.792 [http-nio-8001-exec-9] ERROR
                c.z.s.exceptionHandler.GlobalExceptionHandler - Required request body is missing: public com.zs.commonutils.R com.zs.serviceedu.controller.EduTeacherController.pageTeacherConditon(java.lang.Long,java.lang.Long,com.zs.serviceedu.entity.vo.TeacherQuery)
2023-05-25 21:03:24.137 [http-nio-8001-exec-1] ERROR
                c.z.s.exceptionHandler.GlobalExceptionHandler - Required request body is missing: public com.zs.commonutils.R com.zs.serviceedu.controller.EduTeacherController.pageTeacherConditon(java.lang.Long,java.lang.Long,com.zs.serviceedu.entity.vo.TeacherQuery)
2023-05-25 21:03:27.771 [http-nio-8001-exec-3] ERROR
                c.z.s.exceptionHandler.GlobalExceptionHandler - Required request body is missing: public com.zs.commonutils.R com.zs.serviceedu.controller.EduTeacherController.pageTeacherConditon(java.lang.Long,java.lang.Long,com.zs.serviceedu.entity.vo.TeacherQuery)
2023-05-25 21:03:32.420 [http-nio-8001-exec-4] ERROR
                c.z.s.exceptionHandler.GlobalExceptionHandler - Required request body is missing: public com.zs.commonutils.R com.zs.serviceedu.controller.EduTeacherController.pageTeacherConditon(java.lang.Long,java.lang.Long,com.zs.serviceedu.entity.vo.TeacherQuery)
2023-05-25 21:03:35.302 [http-nio-8001-exec-6] ERROR
                c.z.s.exceptionHandler.GlobalExceptionHandler - Required request body is missing: public com.zs.commonutils.R com.zs.serviceedu.controller.EduTeacherController.pageTeacherConditon(java.lang.Long,java.lang.Long,com.zs.serviceedu.entity.vo.TeacherQuery)
2023-05-25 21:03:37.367 [http-nio-8001-exec-8] ERROR
                c.z.s.exceptionHandler.GlobalExceptionHandler - Required request body is missing: public com.zs.commonutils.R com.zs.serviceedu.controller.EduTeacherController.pageTeacherConditon(java.lang.Long,java.lang.Long,com.zs.serviceedu.entity.vo.TeacherQuery)
2023-05-25 21:03:54.488 [http-nio-8001-exec-9] ERROR
                c.z.s.exceptionHandler.GlobalExceptionHandler - Required request body is missing: public com.zs.commonutils.R com.zs.serviceedu.controller.EduTeacherController.pageTeacherConditon(java.lang.Long,java.lang.Long,com.zs.serviceedu.entity.vo.TeacherQuery)
2023-05-25 21:04:44.346 [http-nio-8001-exec-1] ERROR
                c.z.s.exceptionHandler.GlobalExceptionHandler - Required request body is missing: public com.zs.commonutils.R com.zs.serviceedu.controller.EduTeacherController.pageTeacherConditon(java.lang.Long,java.lang.Long,com.zs.serviceedu.entity.vo.TeacherQuery)
2023-06-05 23:13:15.219 [http-nio-8001-exec-10] ERROR
                c.z.s.exceptionHandler.GlobalExceptionHandler - 
### Error updating database.  Cause: java.sql.SQLException: Field 'name' doesn't have a default value
### The error may involve com.zs.serviceedu.mapper.EduTeacherMapper.insert-Inline
### The error occurred while setting parameters
### SQL: INSERT INTO edu_teacher  ( id,     avatar,   gmt_create, gmt_modified )  VALUES  ( ?,     ?,   ?, ? )
### Cause: java.sql.SQLException: Field 'name' doesn't have a default value
; Field 'name' doesn't have a default value; nested exception is java.sql.SQLException: Field 'name' doesn't have a default value
2023-06-05 23:19:02.729 [http-nio-8001-exec-8] ERROR
                c.z.s.exceptionHandler.GlobalExceptionHandler - 
### Error updating database.  Cause: java.sql.SQLException: Field 'name' doesn't have a default value
### The error may involve com.zs.serviceedu.mapper.EduTeacherMapper.insert-Inline
### The error occurred while setting parameters
### SQL: INSERT INTO edu_teacher  ( id,     avatar,   gmt_create, gmt_modified )  VALUES  ( ?,     ?,   ?, ? )
### Cause: java.sql.SQLException: Field 'name' doesn't have a default value
; Field 'name' doesn't have a default value; nested exception is java.sql.SQLException: Field 'name' doesn't have a default value
